<?xml version="1.0" encoding="UTF-8"?>
<testsuite name="com.kodilla.execution_model.homework.ShopTestSuit" tests="4" skipped="0" failures="0" errors="0"
           timestamp="2022-01-26T20:47:43" hostname="DESKTOP-435D891" time="0.041">
    <properties/>
    <testcase name="shouldGetOrdersBetweenDate()" classname="com.kodilla.execution_model.homework.ShopTestSuit"
              time="0.026"/>
    <testcase name="shouldGetSumOfOrders()" classname="com.kodilla.execution_model.homework.ShopTestSuit" time="0.005"/>
    <testcase name="shouldGetOrdersMinAndMaxValue()" classname="com.kodilla.execution_model.homework.ShopTestSuit"
              time="0.001"/>
    <testcase name="shouldAddOrderToShop()" classname="com.kodilla.execution_model.homework.ShopTestSuit" time="0.002"/>
    <system-out><![CDATA[]]></system-out>
    <system-err><![CDATA[]]></system-err>
</testsuite>
