<?xml version="1.0" encoding="UTF-8"?>
<testsuite name="com.kodilla.collections.adv.exercises.dictionary.homework.FlightFinderTestSuit" tests="2" skipped="0" failures="0" errors="0" timestamp="2022-01-26T21:13:19" hostname="DESKTOP-435D891" time="0.012">
  <properties/>
  <testcase name="TestFindFlightArrival()" classname="com.kodilla.collections.adv.exercises.dictionary.homework.FlightFinderTestSuit" time="0.007"/>
  <testcase name="TestFindFlightDeparture()" classname="com.kodilla.collections.adv.exercises.dictionary.homework.FlightFinderTestSuit" time="0.004"/>
  <system-out><![CDATA[]]></system-out>
  <system-err><![CDATA[]]></system-err>
</testsuite>
