<?xml version="1.0" encoding="UTF-8"?>
<testsuite name="com.kodilla.basic_assertion.PrimeCheckerTestSuite" tests="6" skipped="0" failures="0" errors="0" timestamp="2022-01-25T19:56:51" hostname="DESKTOP-435D891" time="0.03">
  <properties/>
  <testcase name="shouldReturnFalseWhenPassingNegativeNumber()" classname="com.kodilla.basic_assertion.PrimeCheckerTestSuite" time="0.017"/>
  <testcase name="shouldReturnTrueWhenPassingTwo()" classname="com.kodilla.basic_assertion.PrimeCheckerTestSuite" time="0.002"/>
  <testcase name="shouldReturnFalseWhenPassingNotPrimeNumber()" classname="com.kodilla.basic_assertion.PrimeCheckerTestSuite" time="0.001"/>
  <testcase name="shouldReturnFalseWhenPassingZero()" classname="com.kodilla.basic_assertion.PrimeCheckerTestSuite" time="0.003"/>
  <testcase name="shouldReturnTrueWhenPassingPrimeNumber()" classname="com.kodilla.basic_assertion.PrimeCheckerTestSuite" time="0.001"/>
  <testcase name="shouldReturnFalseWhenPassingOne()" classname="com.kodilla.basic_assertion.PrimeCheckerTestSuite" time="0.001"/>
  <system-out><![CDATA[Count: 1 Test number 1
Count: 1 Test number 2
Count: 1 Test number 3
Count: 1 Test number 4
Count: 1 Test number 5
Count: 1 Test number 6
]]></system-out>
  <system-err><![CDATA[]]></system-err>
</testsuite>
