<?xml version="1.0" encoding="UTF-8"?>
<testsuite name="com.kodilla.basic_assertion.CalculatorTestSuite" tests="5" skipped="0" failures="0" errors="0" timestamp="2022-01-25T19:56:51" hostname="DESKTOP-435D891" time="0.005">
  <properties/>
  <testcase name="testSum()" classname="com.kodilla.basic_assertion.CalculatorTestSuite" time="0.001"/>
  <testcase name="testSubtract()" classname="com.kodilla.basic_assertion.CalculatorTestSuite" time="0.0"/>
  <testcase name="testSquareUnder()" classname="com.kodilla.basic_assertion.CalculatorTestSuite" time="0.0"/>
  <testcase name="testSquareZero()" classname="com.kodilla.basic_assertion.CalculatorTestSuite" time="0.0"/>
  <testcase name="testSquare()" classname="com.kodilla.basic_assertion.CalculatorTestSuite" time="0.0"/>
  <system-out><![CDATA[]]></system-out>
  <system-err><![CDATA[]]></system-err>
</testsuite>
