<?xml version="1.0" encoding="UTF-8"?>
<testsuite name="com.kodilla.school.GradesTestSuite" tests="4" skipped="0" failures="0" errors="0" timestamp="2022-01-25T19:56:51" hostname="DESKTOP-435D891" time="0.004">
  <properties/>
  <testcase name="shouldReturnAverageEqualsZeroIsArrayIsEmpty()" classname="com.kodilla.school.GradesTestSuite" time="0.001"/>
  <testcase name="shouldAddTwoElementsToArray()" classname="com.kodilla.school.GradesTestSuite" time="0.0"/>
  <testcase name="shouldHaveZeroLength()" classname="com.kodilla.school.GradesTestSuite" time="0.0"/>
  <testcase name="shouldCalculateAverage()" classname="com.kodilla.school.GradesTestSuite" time="0.001"/>
  <system-out><![CDATA[]]></system-out>
  <system-err><![CDATA[]]></system-err>
</testsuite>
