<?xml version="1.0" encoding="UTF-8"?>
<testsuite name="com.kodilla.bank.homework.BankTestSuite" tests="8" skipped="0" failures="0" errors="0" timestamp="2022-01-25T19:56:51" hostname="DESKTOP-435D891" time="0.041">
  <properties/>
  <testcase name="shouldCalculateAllOfCreditsTransactions()" classname="com.kodilla.bank.homework.BankTestSuite" time="0.03"/>
  <testcase name="shouldNonNegativeBalance()" classname="com.kodilla.bank.homework.BankTestSuite" time="0.001"/>
  <testcase name="shouldCalculateOfAllDepositsTransactions()" classname="com.kodilla.bank.homework.BankTestSuite" time="0.001"/>
  <testcase name="shouldCalculateAverageCredits()" classname="com.kodilla.bank.homework.BankTestSuite" time="0.001"/>
  <testcase name="shouldHaveZeroLength()" classname="com.kodilla.bank.homework.BankTestSuite" time="0.001"/>
  <testcase name="shouldCalculateAverageDeposits()" classname="com.kodilla.bank.homework.BankTestSuite" time="0.0"/>
  <testcase name="shouldCalculateBalance()" classname="com.kodilla.bank.homework.BankTestSuite" time="0.001"/>
  <testcase name="shouldAddTwoElementsToBankCashMachineArray()" classname="com.kodilla.bank.homework.BankTestSuite" time="0.001"/>
  <system-out><![CDATA[1
2
1
2
1
1
1
1
1
2
1
2
1
1
2
1
2
1
1
1
1
1
2
1
2
1
]]></system-out>
  <system-err><![CDATA[]]></system-err>
</testsuite>
