<?xml version="1.0" encoding="UTF-8"?>
<testsuite name="com.kodilla.spring.basic.spring_dependency_injection.homework.ShippingCenterTestSuite" tests="1" skipped="0" failures="0" errors="0" timestamp="2021-12-20T20:10:26" hostname="DESKTOP-435D891" time="0.151">
  <properties/>
  <testcase name="ShouldSendPackage()" classname="com.kodilla.spring.basic.spring_dependency_injection.homework.ShippingCenterTestSuite" time="0.151"/>
  <system-out><![CDATA[2021-12-20 21:10:26.157  INFO 4360 --- [    Test worker] .b.t.c.SpringBootTestContextBootstrapper : Neither @ContextConfiguration nor @ContextHierarchy found for test class [com.kodilla.spring.basic.spring_dependency_injection.homework.ShippingCenterTestSuite], using SpringBootContextLoader
2021-12-20 21:10:26.158  INFO 4360 --- [    Test worker] o.s.t.c.support.AbstractContextLoader    : Could not detect default resource locations for test class [com.kodilla.spring.basic.spring_dependency_injection.homework.ShippingCenterTestSuite]: no resource found for suffixes {-context.xml, Context.groovy}.
2021-12-20 21:10:26.159  INFO 4360 --- [    Test worker] t.c.s.AnnotationConfigContextLoaderUtils : Could not detect default configuration classes for test class [com.kodilla.spring.basic.spring_dependency_injection.homework.ShippingCenterTestSuite]: ShippingCenterTestSuite does not declare any static, non-private, non-final, nested classes annotated with @Configuration.
2021-12-20 21:10:26.161  INFO 4360 --- [    Test worker] .b.t.c.SpringBootTestContextBootstrapper : Found @SpringBootConfiguration com.kodilla.spring.basic.SpringBasicRunner for test class com.kodilla.spring.basic.spring_dependency_injection.homework.ShippingCenterTestSuite
2021-12-20 21:10:26.163  INFO 4360 --- [    Test worker] .b.t.c.SpringBootTestContextBootstrapper : Loaded default TestExecutionListener class names from location [META-INF/spring.factories]: [org.springframework.boot.test.autoconfigure.restdocs.RestDocsTestExecutionListener, org.springframework.boot.test.autoconfigure.web.client.MockRestServiceServerResetTestExecutionListener, org.springframework.boot.test.autoconfigure.web.servlet.MockMvcPrintOnlyOnFailureTestExecutionListener, org.springframework.boot.test.autoconfigure.web.servlet.WebDriverTestExecutionListener, org.springframework.boot.test.autoconfigure.webservices.client.MockWebServiceServerTestExecutionListener, org.springframework.boot.test.mock.mockito.MockitoTestExecutionListener, org.springframework.boot.test.mock.mockito.ResetMocksTestExecutionListener, org.springframework.test.context.web.ServletTestExecutionListener, org.springframework.test.context.support.DirtiesContextBeforeModesTestExecutionListener, org.springframework.test.context.event.ApplicationEventsTestExecutionListener, org.springframework.test.context.support.DependencyInjectionTestExecutionListener, org.springframework.test.context.support.DirtiesContextTestExecutionListener, org.springframework.test.context.transaction.TransactionalTestExecutionListener, org.springframework.test.context.jdbc.SqlScriptsTestExecutionListener, org.springframework.test.context.event.EventPublishingTestExecutionListener]
2021-12-20 21:10:26.164  INFO 4360 --- [    Test worker] .b.t.c.SpringBootTestContextBootstrapper : Using TestExecutionListeners: [org.springframework.test.context.support.DirtiesContextBeforeModesTestExecutionListener@25388417, org.springframework.test.context.event.ApplicationEventsTestExecutionListener@662564a3, org.springframework.boot.test.mock.mockito.MockitoTestExecutionListener@1a4ced36, org.springframework.boot.test.autoconfigure.SpringBootDependencyInjectionTestExecutionListener@3c1b58b3, org.springframework.test.context.support.DirtiesContextTestExecutionListener@5d626b1b, org.springframework.test.context.event.EventPublishingTestExecutionListener@10af0c68, org.springframework.boot.test.autoconfigure.restdocs.RestDocsTestExecutionListener@6df77616, org.springframework.boot.test.autoconfigure.web.client.MockRestServiceServerResetTestExecutionListener@b4f65db, org.springframework.boot.test.autoconfigure.web.servlet.MockMvcPrintOnlyOnFailureTestExecutionListener@45bbed1a, org.springframework.boot.test.autoconfigure.web.servlet.WebDriverTestExecutionListener@2d1f7589, org.springframework.boot.test.autoconfigure.webservices.client.MockWebServiceServerTestExecutionListener@7b8ee1fa, org.springframework.boot.test.mock.mockito.ResetMocksTestExecutionListener@b9f32ed]
]]></system-out>
  <system-err><![CDATA[]]></system-err>
</testsuite>
