<?xml version="1.0" encoding="UTF-8"?>
<testsuite name="com.kodilla.spring.basic.spring_scopes.TaskTestSuite" tests="1" skipped="0" failures="0" errors="0" timestamp="2021-12-20T20:10:26" hostname="DESKTOP-435D891" time="0.143">
  <properties/>
  <testcase name="shouldCreateDifferentTasks()" classname="com.kodilla.spring.basic.spring_scopes.TaskTestSuite" time="0.143"/>
  <system-out><![CDATA[2021-12-20 21:10:26.754  INFO 4360 --- [    Test worker] .b.t.c.SpringBootTestContextBootstrapper : Neither @ContextConfiguration nor @ContextHierarchy found for test class [com.kodilla.spring.basic.spring_scopes.TaskTestSuite], using SpringBootContextLoader
2021-12-20 21:10:26.755  INFO 4360 --- [    Test worker] o.s.t.c.support.AbstractContextLoader    : Could not detect default resource locations for test class [com.kodilla.spring.basic.spring_scopes.TaskTestSuite]: no resource found for suffixes {-context.xml, Context.groovy}.
2021-12-20 21:10:26.756  INFO 4360 --- [    Test worker] t.c.s.AnnotationConfigContextLoaderUtils : Could not detect default configuration classes for test class [com.kodilla.spring.basic.spring_scopes.TaskTestSuite]: TaskTestSuite does not declare any static, non-private, non-final, nested classes annotated with @Configuration.
2021-12-20 21:10:26.764  INFO 4360 --- [    Test worker] .b.t.c.SpringBootTestContextBootstrapper : Found @SpringBootConfiguration com.kodilla.spring.basic.SpringBasicRunner for test class com.kodilla.spring.basic.spring_scopes.TaskTestSuite
2021-12-20 21:10:26.768  INFO 4360 --- [    Test worker] .b.t.c.SpringBootTestContextBootstrapper : Loaded default TestExecutionListener class names from location [META-INF/spring.factories]: [org.springframework.boot.test.autoconfigure.restdocs.RestDocsTestExecutionListener, org.springframework.boot.test.autoconfigure.web.client.MockRestServiceServerResetTestExecutionListener, org.springframework.boot.test.autoconfigure.web.servlet.MockMvcPrintOnlyOnFailureTestExecutionListener, org.springframework.boot.test.autoconfigure.web.servlet.WebDriverTestExecutionListener, org.springframework.boot.test.autoconfigure.webservices.client.MockWebServiceServerTestExecutionListener, org.springframework.boot.test.mock.mockito.MockitoTestExecutionListener, org.springframework.boot.test.mock.mockito.ResetMocksTestExecutionListener, org.springframework.test.context.web.ServletTestExecutionListener, org.springframework.test.context.support.DirtiesContextBeforeModesTestExecutionListener, org.springframework.test.context.event.ApplicationEventsTestExecutionListener, org.springframework.test.context.support.DependencyInjectionTestExecutionListener, org.springframework.test.context.support.DirtiesContextTestExecutionListener, org.springframework.test.context.transaction.TransactionalTestExecutionListener, org.springframework.test.context.jdbc.SqlScriptsTestExecutionListener, org.springframework.test.context.event.EventPublishingTestExecutionListener]
2021-12-20 21:10:26.770  INFO 4360 --- [    Test worker] .b.t.c.SpringBootTestContextBootstrapper : Using TestExecutionListeners: [org.springframework.test.context.support.DirtiesContextBeforeModesTestExecutionListener@30c8d57c, org.springframework.test.context.event.ApplicationEventsTestExecutionListener@288de3e9, org.springframework.boot.test.mock.mockito.MockitoTestExecutionListener@72705d66, org.springframework.boot.test.autoconfigure.SpringBootDependencyInjectionTestExecutionListener@1dec8b98, org.springframework.test.context.support.DirtiesContextTestExecutionListener@6b79de6c, org.springframework.test.context.event.EventPublishingTestExecutionListener@2cacfa41, org.springframework.boot.test.autoconfigure.restdocs.RestDocsTestExecutionListener@5c4719df, org.springframework.boot.test.autoconfigure.web.client.MockRestServiceServerResetTestExecutionListener@258ef984, org.springframework.boot.test.autoconfigure.web.servlet.MockMvcPrintOnlyOnFailureTestExecutionListener@21d9e7, org.springframework.boot.test.autoconfigure.web.servlet.WebDriverTestExecutionListener@4b944550, org.springframework.boot.test.autoconfigure.webservices.client.MockWebServiceServerTestExecutionListener@2ff9241c, org.springframework.boot.test.mock.mockito.ResetMocksTestExecutionListener@7d69aabe]
Creating new task bean...
Creating new task bean...
Creating new task bean...
]]></system-out>
  <system-err><![CDATA[]]></system-err>
</testsuite>
