<?xml version="1.0" encoding="UTF-8"?>
<testsuite name="com.kodilla.spring.basic.spring_scopes.homework.ClockTestSuite" tests="1" skipped="0" failures="0" errors="0" timestamp="2021-12-20T20:10:26" hostname="DESKTOP-435D891" time="0.135">
  <properties/>
  <testcase name="shouldCreateDifferentTime()" classname="com.kodilla.spring.basic.spring_scopes.homework.ClockTestSuite" time="0.135"/>
  <system-out><![CDATA[2021-12-20 21:10:26.601  INFO 4360 --- [    Test worker] .b.t.c.SpringBootTestContextBootstrapper : Neither @ContextConfiguration nor @ContextHierarchy found for test class [com.kodilla.spring.basic.spring_scopes.homework.ClockTestSuite], using SpringBootContextLoader
2021-12-20 21:10:26.602  INFO 4360 --- [    Test worker] o.s.t.c.support.AbstractContextLoader    : Could not detect default resource locations for test class [com.kodilla.spring.basic.spring_scopes.homework.ClockTestSuite]: no resource found for suffixes {-context.xml, Context.groovy}.
2021-12-20 21:10:26.602  INFO 4360 --- [    Test worker] t.c.s.AnnotationConfigContextLoaderUtils : Could not detect default configuration classes for test class [com.kodilla.spring.basic.spring_scopes.homework.ClockTestSuite]: ClockTestSuite does not declare any static, non-private, non-final, nested classes annotated with @Configuration.
2021-12-20 21:10:26.610  INFO 4360 --- [    Test worker] .b.t.c.SpringBootTestContextBootstrapper : Found @SpringBootConfiguration com.kodilla.spring.basic.SpringBasicRunner for test class com.kodilla.spring.basic.spring_scopes.homework.ClockTestSuite
2021-12-20 21:10:26.613  INFO 4360 --- [    Test worker] .b.t.c.SpringBootTestContextBootstrapper : Loaded default TestExecutionListener class names from location [META-INF/spring.factories]: [org.springframework.boot.test.autoconfigure.restdocs.RestDocsTestExecutionListener, org.springframework.boot.test.autoconfigure.web.client.MockRestServiceServerResetTestExecutionListener, org.springframework.boot.test.autoconfigure.web.servlet.MockMvcPrintOnlyOnFailureTestExecutionListener, org.springframework.boot.test.autoconfigure.web.servlet.WebDriverTestExecutionListener, org.springframework.boot.test.autoconfigure.webservices.client.MockWebServiceServerTestExecutionListener, org.springframework.boot.test.mock.mockito.MockitoTestExecutionListener, org.springframework.boot.test.mock.mockito.ResetMocksTestExecutionListener, org.springframework.test.context.web.ServletTestExecutionListener, org.springframework.test.context.support.DirtiesContextBeforeModesTestExecutionListener, org.springframework.test.context.event.ApplicationEventsTestExecutionListener, org.springframework.test.context.support.DependencyInjectionTestExecutionListener, org.springframework.test.context.support.DirtiesContextTestExecutionListener, org.springframework.test.context.transaction.TransactionalTestExecutionListener, org.springframework.test.context.jdbc.SqlScriptsTestExecutionListener, org.springframework.test.context.event.EventPublishingTestExecutionListener]
2021-12-20 21:10:26.615  INFO 4360 --- [    Test worker] .b.t.c.SpringBootTestContextBootstrapper : Using TestExecutionListeners: [org.springframework.test.context.support.DirtiesContextBeforeModesTestExecutionListener@67d5067f, org.springframework.test.context.event.ApplicationEventsTestExecutionListener@60131edb, org.springframework.boot.test.mock.mockito.MockitoTestExecutionListener@352d4372, org.springframework.boot.test.autoconfigure.SpringBootDependencyInjectionTestExecutionListener@1295a10a, org.springframework.test.context.support.DirtiesContextTestExecutionListener@5d3cbbd9, org.springframework.test.context.event.EventPublishingTestExecutionListener@25219363, org.springframework.boot.test.autoconfigure.restdocs.RestDocsTestExecutionListener@7a486266, org.springframework.boot.test.autoconfigure.web.client.MockRestServiceServerResetTestExecutionListener@456a11d4, org.springframework.boot.test.autoconfigure.web.servlet.MockMvcPrintOnlyOnFailureTestExecutionListener@7d3088d3, org.springframework.boot.test.autoconfigure.web.servlet.WebDriverTestExecutionListener@5423a69d, org.springframework.boot.test.autoconfigure.webservices.client.MockWebServiceServerTestExecutionListener@6dc1a52d, org.springframework.boot.test.mock.mockito.ResetMocksTestExecutionListener@7830edf0]
]]></system-out>
  <system-err><![CDATA[]]></system-err>
</testsuite>
