<?xml version="1.0" encoding="UTF-8"?>
<testsuite name="com.kodilla.spring.basic.spring_configuration.homework.CarFactoryTestSuite" tests="3" skipped="0" failures="0" errors="0" timestamp="2021-12-20T20:10:23" hostname="DESKTOP-435D891" time="1.26">
  <properties/>
  <testcase name="ShouldLightsTurnedOn()" classname="com.kodilla.spring.basic.spring_configuration.homework.CarFactoryTestSuite" time="0.746"/>
  <testcase name="createCar()" classname="com.kodilla.spring.basic.spring_configuration.homework.CarFactoryTestSuite" time="0.173"/>
  <testcase name="createCar2()" classname="com.kodilla.spring.basic.spring_configuration.homework.CarFactoryTestSuite" time="0.337"/>
  <system-out><![CDATA[21:10:21.922 [Test worker] DEBUG org.springframework.test.context.BootstrapUtils - Instantiating CacheAwareContextLoaderDelegate from class [org.springframework.test.context.cache.DefaultCacheAwareContextLoaderDelegate]
21:10:21.939 [Test worker] DEBUG org.springframework.test.context.BootstrapUtils - Instantiating BootstrapContext using constructor [public org.springframework.test.context.support.DefaultBootstrapContext(java.lang.Class,org.springframework.test.context.CacheAwareContextLoaderDelegate)]
21:10:21.987 [Test worker] DEBUG org.springframework.test.context.BootstrapUtils - Instantiating TestContextBootstrapper for test class [com.kodilla.spring.basic.spring_configuration.homework.CarFactoryTestSuite] from class [org.springframework.boot.test.context.SpringBootTestContextBootstrapper]
21:10:22.002 [Test worker] INFO org.springframework.boot.test.context.SpringBootTestContextBootstrapper - Neither @ContextConfiguration nor @ContextHierarchy found for test class [com.kodilla.spring.basic.spring_configuration.homework.CarFactoryTestSuite], using SpringBootContextLoader
21:10:22.007 [Test worker] DEBUG org.springframework.test.context.support.AbstractContextLoader - Did not detect default resource location for test class [com.kodilla.spring.basic.spring_configuration.homework.CarFactoryTestSuite]: class path resource [com/kodilla/spring/basic/spring_configuration/homework/CarFactoryTestSuite-context.xml] does not exist
21:10:22.008 [Test worker] DEBUG org.springframework.test.context.support.AbstractContextLoader - Did not detect default resource location for test class [com.kodilla.spring.basic.spring_configuration.homework.CarFactoryTestSuite]: class path resource [com/kodilla/spring/basic/spring_configuration/homework/CarFactoryTestSuiteContext.groovy] does not exist
21:10:22.008 [Test worker] INFO org.springframework.test.context.support.AbstractContextLoader - Could not detect default resource locations for test class [com.kodilla.spring.basic.spring_configuration.homework.CarFactoryTestSuite]: no resource found for suffixes {-context.xml, Context.groovy}.
21:10:22.009 [Test worker] INFO org.springframework.test.context.support.AnnotationConfigContextLoaderUtils - Could not detect default configuration classes for test class [com.kodilla.spring.basic.spring_configuration.homework.CarFactoryTestSuite]: CarFactoryTestSuite does not declare any static, non-private, non-final, nested classes annotated with @Configuration.
21:10:22.063 [Test worker] DEBUG org.springframework.test.context.support.ActiveProfilesUtils - Could not find an 'annotation declaring class' for annotation type [org.springframework.test.context.ActiveProfiles] and class [com.kodilla.spring.basic.spring_configuration.homework.CarFactoryTestSuite]
21:10:22.172 [Test worker] DEBUG org.springframework.context.annotation.ClassPathScanningCandidateComponentProvider - Identified candidate component class: file [C:\Projekt_codilla\kodilla-spring-basic\build\classes\java\main\com\kodilla\spring\basic\SpringBasicRunner.class]
21:10:22.174 [Test worker] INFO org.springframework.boot.test.context.SpringBootTestContextBootstrapper - Found @SpringBootConfiguration com.kodilla.spring.basic.SpringBasicRunner for test class com.kodilla.spring.basic.spring_configuration.homework.CarFactoryTestSuite
21:10:22.356 [Test worker] DEBUG org.springframework.boot.test.context.SpringBootTestContextBootstrapper - @TestExecutionListeners is not present for class [com.kodilla.spring.basic.spring_configuration.homework.CarFactoryTestSuite]: using defaults.
21:10:22.357 [Test worker] INFO org.springframework.boot.test.context.SpringBootTestContextBootstrapper - Loaded default TestExecutionListener class names from location [META-INF/spring.factories]: [org.springframework.boot.test.autoconfigure.restdocs.RestDocsTestExecutionListener, org.springframework.boot.test.autoconfigure.web.client.MockRestServiceServerResetTestExecutionListener, org.springframework.boot.test.autoconfigure.web.servlet.MockMvcPrintOnlyOnFailureTestExecutionListener, org.springframework.boot.test.autoconfigure.web.servlet.WebDriverTestExecutionListener, org.springframework.boot.test.autoconfigure.webservices.client.MockWebServiceServerTestExecutionListener, org.springframework.boot.test.mock.mockito.MockitoTestExecutionListener, org.springframework.boot.test.mock.mockito.ResetMocksTestExecutionListener, org.springframework.test.context.web.ServletTestExecutionListener, org.springframework.test.context.support.DirtiesContextBeforeModesTestExecutionListener, org.springframework.test.context.event.ApplicationEventsTestExecutionListener, org.springframework.test.context.support.DependencyInjectionTestExecutionListener, org.springframework.test.context.support.DirtiesContextTestExecutionListener, org.springframework.test.context.transaction.TransactionalTestExecutionListener, org.springframework.test.context.jdbc.SqlScriptsTestExecutionListener, org.springframework.test.context.event.EventPublishingTestExecutionListener]
21:10:22.372 [Test worker] DEBUG org.springframework.boot.test.context.SpringBootTestContextBootstrapper - Skipping candidate TestExecutionListener [org.springframework.test.context.web.ServletTestExecutionListener] due to a missing dependency. Specify custom listener classes or make the default listener classes and their required dependencies available. Offending class: [javax/servlet/ServletContext]
21:10:22.375 [Test worker] DEBUG org.springframework.boot.test.context.SpringBootTestContextBootstrapper - Skipping candidate TestExecutionListener [org.springframework.test.context.transaction.TransactionalTestExecutionListener] due to a missing dependency. Specify custom listener classes or make the default listener classes and their required dependencies available. Offending class: [org/springframework/transaction/interceptor/TransactionAttributeSource]
21:10:22.376 [Test worker] DEBUG org.springframework.boot.test.context.SpringBootTestContextBootstrapper - Skipping candidate TestExecutionListener [org.springframework.test.context.jdbc.SqlScriptsTestExecutionListener] due to a missing dependency. Specify custom listener classes or make the default listener classes and their required dependencies available. Offending class: [org/springframework/transaction/interceptor/TransactionAttribute]
21:10:22.377 [Test worker] INFO org.springframework.boot.test.context.SpringBootTestContextBootstrapper - Using TestExecutionListeners: [org.springframework.test.context.support.DirtiesContextBeforeModesTestExecutionListener@73907e36, org.springframework.test.context.event.ApplicationEventsTestExecutionListener@2668af59, org.springframework.boot.test.mock.mockito.MockitoTestExecutionListener@42105ceb, org.springframework.boot.test.autoconfigure.SpringBootDependencyInjectionTestExecutionListener@707e9459, org.springframework.test.context.support.DirtiesContextTestExecutionListener@ef25ae, org.springframework.test.context.event.EventPublishingTestExecutionListener@631e508d, org.springframework.boot.test.autoconfigure.restdocs.RestDocsTestExecutionListener@23a9bf01, org.springframework.boot.test.autoconfigure.web.client.MockRestServiceServerResetTestExecutionListener@27712b71, org.springframework.boot.test.autoconfigure.web.servlet.MockMvcPrintOnlyOnFailureTestExecutionListener@5ecaa864, org.springframework.boot.test.autoconfigure.web.servlet.WebDriverTestExecutionListener@4f411108, org.springframework.boot.test.autoconfigure.webservices.client.MockWebServiceServerTestExecutionListener@21feee56, org.springframework.boot.test.mock.mockito.ResetMocksTestExecutionListener@ffa63bb]
21:10:22.383 [Test worker] DEBUG org.springframework.test.context.support.AbstractDirtiesContextTestExecutionListener - Before test class: context [DefaultTestContext@2f23ae39 testClass = CarFactoryTestSuite, testInstance = [null], testMethod = [null], testException = [null], mergedContextConfiguration = [MergedContextConfiguration@4fdd803 testClass = CarFactoryTestSuite, locations = '{}', classes = '{class com.kodilla.spring.basic.SpringBasicRunner}', contextInitializerClasses = '[]', activeProfiles = '{}', propertySourceLocations = '{}', propertySourceProperties = '{org.springframework.boot.test.context.SpringBootTestContextBootstrapper=true}', contextCustomizers = set[org.springframework.boot.test.autoconfigure.actuate.metrics.MetricsExportContextCustomizerFactory$DisableMetricExportContextCustomizer@3449169f, org.springframework.boot.test.autoconfigure.properties.PropertyMappingContextCustomizer@0, org.springframework.boot.test.autoconfigure.web.servlet.WebDriverContextCustomizerFactory$Customizer@7255b217, org.springframework.boot.test.context.filter.ExcludeFilterContextCustomizer@b01ac0a, org.springframework.boot.test.json.DuplicateJsonObjectContextCustomizerFactory$DuplicateJsonObjectContextCustomizer@6eee9c43, org.springframework.boot.test.mock.mockito.MockitoContextCustomizer@0, org.springframework.boot.test.web.client.TestRestTemplateContextCustomizer@4aaae347, org.springframework.boot.test.context.SpringBootTestArgs@1, org.springframework.boot.test.context.SpringBootTestWebEnvironment@41ac0a52], contextLoader = 'org.springframework.boot.test.context.SpringBootContextLoader', parent = [null]], attributes = map[[empty]]], class annotated with @DirtiesContext [false] with mode [null].
21:10:22.397 [Test worker] DEBUG org.springframework.test.context.support.DependencyInjectionTestExecutionListener - Performing dependency injection for test context [[DefaultTestContext@2f23ae39 testClass = CarFactoryTestSuite, testInstance = com.kodilla.spring.basic.spring_configuration.homework.CarFactoryTestSuite@6d7e062, testMethod = [null], testException = [null], mergedContextConfiguration = [MergedContextConfiguration@4fdd803 testClass = CarFactoryTestSuite, locations = '{}', classes = '{class com.kodilla.spring.basic.SpringBasicRunner}', contextInitializerClasses = '[]', activeProfiles = '{}', propertySourceLocations = '{}', propertySourceProperties = '{org.springframework.boot.test.context.SpringBootTestContextBootstrapper=true}', contextCustomizers = set[org.springframework.boot.test.autoconfigure.actuate.metrics.MetricsExportContextCustomizerFactory$DisableMetricExportContextCustomizer@3449169f, org.springframework.boot.test.autoconfigure.properties.PropertyMappingContextCustomizer@0, org.springframework.boot.test.autoconfigure.web.servlet.WebDriverContextCustomizerFactory$Customizer@7255b217, org.springframework.boot.test.context.filter.ExcludeFilterContextCustomizer@b01ac0a, org.springframework.boot.test.json.DuplicateJsonObjectContextCustomizerFactory$DuplicateJsonObjectContextCustomizer@6eee9c43, org.springframework.boot.test.mock.mockito.MockitoContextCustomizer@0, org.springframework.boot.test.web.client.TestRestTemplateContextCustomizer@4aaae347, org.springframework.boot.test.context.SpringBootTestArgs@1, org.springframework.boot.test.context.SpringBootTestWebEnvironment@41ac0a52], contextLoader = 'org.springframework.boot.test.context.SpringBootContextLoader', parent = [null]], attributes = map['org.springframework.test.context.event.ApplicationEventsTestExecutionListener.recordApplicationEvents' -> false]]].
21:10:22.454 [Test worker] DEBUG org.springframework.test.context.support.TestPropertySourceUtils - Adding inlined properties to environment: {spring.jmx.enabled=false, org.springframework.boot.test.context.SpringBootTestContextBootstrapper=true}

  .   ____          _            __ _ _
 /\\ / ___'_ __ _ _(_)_ __  __ _ \ \ \ \
( ( )\___ | '_ | '_| | '_ \/ _` | \ \ \ \
 \\/  ___)| |_)| | | | | || (_| |  ) ) ) )
  '  |____| .__|_| |_|_| |_\__, | / / / /
 =========|_|==============|___/=/_/_/_/
 :: Spring Boot ::                (v2.4.5)

2021-12-20 21:10:22.814  INFO 4360 --- [    Test worker] c.k.s.b.s.homework.CarFactoryTestSuite   : Starting CarFactoryTestSuite using Java 17 on DESKTOP-435D891 with PID 4360 (started by Dell in C:\Projekt_codilla\kodilla-spring-basic)
2021-12-20 21:10:22.817  INFO 4360 --- [    Test worker] c.k.s.b.s.homework.CarFactoryTestSuite   : No active profile set, falling back to default profiles: default
2021-12-20 21:10:23.740  INFO 4360 --- [    Test worker] c.k.s.b.s.homework.CarFactoryTestSuite   : Started CarFactoryTestSuite in 1.282 seconds (JVM running for 3.0)
]]></system-out>
  <system-err><![CDATA[]]></system-err>
</testsuite>
