<?xml version="1.0" encoding="UTF-8"?>
<testsuite name="com.kodilla.spring.basic.spring_configuration.AnimalFactoryTestSuite" tests="2" skipped="0" failures="0" errors="0" timestamp="2021-12-20T20:10:25" hostname="DESKTOP-435D891" time="0.427">
  <properties/>
  <testcase name="shouldCreateRandomAnimal()" classname="com.kodilla.spring.basic.spring_configuration.AnimalFactoryTestSuite" time="0.25"/>
  <testcase name="shouldCreateDogBeanAndFetchByBeanName()" classname="com.kodilla.spring.basic.spring_configuration.AnimalFactoryTestSuite" time="0.176"/>
  <system-out><![CDATA[2021-12-20 21:10:25.019  INFO 4360 --- [    Test worker] .b.t.c.SpringBootTestContextBootstrapper : Neither @ContextConfiguration nor @ContextHierarchy found for test class [com.kodilla.spring.basic.spring_configuration.AnimalFactoryTestSuite], using SpringBootContextLoader
2021-12-20 21:10:25.020  INFO 4360 --- [    Test worker] o.s.t.c.support.AbstractContextLoader    : Could not detect default resource locations for test class [com.kodilla.spring.basic.spring_configuration.AnimalFactoryTestSuite]: no resource found for suffixes {-context.xml, Context.groovy}.
2021-12-20 21:10:25.021  INFO 4360 --- [    Test worker] t.c.s.AnnotationConfigContextLoaderUtils : Could not detect default configuration classes for test class [com.kodilla.spring.basic.spring_configuration.AnimalFactoryTestSuite]: AnimalFactoryTestSuite does not declare any static, non-private, non-final, nested classes annotated with @Configuration.
2021-12-20 21:10:25.049  INFO 4360 --- [    Test worker] .b.t.c.SpringBootTestContextBootstrapper : Found @SpringBootConfiguration com.kodilla.spring.basic.SpringBasicRunner for test class com.kodilla.spring.basic.spring_configuration.AnimalFactoryTestSuite
2021-12-20 21:10:25.056  INFO 4360 --- [    Test worker] .b.t.c.SpringBootTestContextBootstrapper : Loaded default TestExecutionListener class names from location [META-INF/spring.factories]: [org.springframework.boot.test.autoconfigure.restdocs.RestDocsTestExecutionListener, org.springframework.boot.test.autoconfigure.web.client.MockRestServiceServerResetTestExecutionListener, org.springframework.boot.test.autoconfigure.web.servlet.MockMvcPrintOnlyOnFailureTestExecutionListener, org.springframework.boot.test.autoconfigure.web.servlet.WebDriverTestExecutionListener, org.springframework.boot.test.autoconfigure.webservices.client.MockWebServiceServerTestExecutionListener, org.springframework.boot.test.mock.mockito.MockitoTestExecutionListener, org.springframework.boot.test.mock.mockito.ResetMocksTestExecutionListener, org.springframework.test.context.web.ServletTestExecutionListener, org.springframework.test.context.support.DirtiesContextBeforeModesTestExecutionListener, org.springframework.test.context.event.ApplicationEventsTestExecutionListener, org.springframework.test.context.support.DependencyInjectionTestExecutionListener, org.springframework.test.context.support.DirtiesContextTestExecutionListener, org.springframework.test.context.transaction.TransactionalTestExecutionListener, org.springframework.test.context.jdbc.SqlScriptsTestExecutionListener, org.springframework.test.context.event.EventPublishingTestExecutionListener]
2021-12-20 21:10:25.058  INFO 4360 --- [    Test worker] .b.t.c.SpringBootTestContextBootstrapper : Using TestExecutionListeners: [org.springframework.test.context.support.DirtiesContextBeforeModesTestExecutionListener@45d4fb2d, org.springframework.test.context.event.ApplicationEventsTestExecutionListener@bfbff80, org.springframework.boot.test.mock.mockito.MockitoTestExecutionListener@66593da7, org.springframework.boot.test.autoconfigure.SpringBootDependencyInjectionTestExecutionListener@339d81d5, org.springframework.test.context.support.DirtiesContextTestExecutionListener@51721918, org.springframework.test.context.event.EventPublishingTestExecutionListener@521fb49, org.springframework.boot.test.autoconfigure.restdocs.RestDocsTestExecutionListener@2a3a5a4f, org.springframework.boot.test.autoconfigure.web.client.MockRestServiceServerResetTestExecutionListener@7576e5f4, org.springframework.boot.test.autoconfigure.web.servlet.MockMvcPrintOnlyOnFailureTestExecutionListener@348d989b, org.springframework.boot.test.autoconfigure.web.servlet.WebDriverTestExecutionListener@3efcc6f0, org.springframework.boot.test.autoconfigure.webservices.client.MockWebServiceServerTestExecutionListener@46ec0b42, org.springframework.boot.test.mock.mockito.ResetMocksTestExecutionListener@4f70f2e]
Quack quack
]]></system-out>
  <system-err><![CDATA[]]></system-err>
</testsuite>
