<?xml version="1.0" encoding="UTF-8"?>
<testsuite name="com.kodilla.spring.basic.spring_dependency_injection.SimpleApplicationTestSuite" tests="2" skipped="0" failures="0" errors="0" timestamp="2021-12-20T20:10:26" hostname="DESKTOP-435D891" time="0.252">
  <properties/>
  <testcase name="shouldProcessMessage()" classname="com.kodilla.spring.basic.spring_dependency_injection.SimpleApplicationTestSuite" time="0.131"/>
  <testcase name="shouldReturnCorrectMessage()" classname="com.kodilla.spring.basic.spring_dependency_injection.SimpleApplicationTestSuite" time="0.12"/>
  <system-out><![CDATA[2021-12-20 21:10:26.323  INFO 4360 --- [    Test worker] .b.t.c.SpringBootTestContextBootstrapper : Neither @ContextConfiguration nor @ContextHierarchy found for test class [com.kodilla.spring.basic.spring_dependency_injection.SimpleApplicationTestSuite], using SpringBootContextLoader
2021-12-20 21:10:26.324  INFO 4360 --- [    Test worker] o.s.t.c.support.AbstractContextLoader    : Could not detect default resource locations for test class [com.kodilla.spring.basic.spring_dependency_injection.SimpleApplicationTestSuite]: no resource found for suffixes {-context.xml, Context.groovy}.
2021-12-20 21:10:26.325  INFO 4360 --- [    Test worker] t.c.s.AnnotationConfigContextLoaderUtils : Could not detect default configuration classes for test class [com.kodilla.spring.basic.spring_dependency_injection.SimpleApplicationTestSuite]: SimpleApplicationTestSuite does not declare any static, non-private, non-final, nested classes annotated with @Configuration.
2021-12-20 21:10:26.337  INFO 4360 --- [    Test worker] .b.t.c.SpringBootTestContextBootstrapper : Found @SpringBootConfiguration com.kodilla.spring.basic.SpringBasicRunner for test class com.kodilla.spring.basic.spring_dependency_injection.SimpleApplicationTestSuite
2021-12-20 21:10:26.341  INFO 4360 --- [    Test worker] .b.t.c.SpringBootTestContextBootstrapper : Loaded default TestExecutionListener class names from location [META-INF/spring.factories]: [org.springframework.boot.test.autoconfigure.restdocs.RestDocsTestExecutionListener, org.springframework.boot.test.autoconfigure.web.client.MockRestServiceServerResetTestExecutionListener, org.springframework.boot.test.autoconfigure.web.servlet.MockMvcPrintOnlyOnFailureTestExecutionListener, org.springframework.boot.test.autoconfigure.web.servlet.WebDriverTestExecutionListener, org.springframework.boot.test.autoconfigure.webservices.client.MockWebServiceServerTestExecutionListener, org.springframework.boot.test.mock.mockito.MockitoTestExecutionListener, org.springframework.boot.test.mock.mockito.ResetMocksTestExecutionListener, org.springframework.test.context.web.ServletTestExecutionListener, org.springframework.test.context.support.DirtiesContextBeforeModesTestExecutionListener, org.springframework.test.context.event.ApplicationEventsTestExecutionListener, org.springframework.test.context.support.DependencyInjectionTestExecutionListener, org.springframework.test.context.support.DirtiesContextTestExecutionListener, org.springframework.test.context.transaction.TransactionalTestExecutionListener, org.springframework.test.context.jdbc.SqlScriptsTestExecutionListener, org.springframework.test.context.event.EventPublishingTestExecutionListener]
2021-12-20 21:10:26.343  INFO 4360 --- [    Test worker] .b.t.c.SpringBootTestContextBootstrapper : Using TestExecutionListeners: [org.springframework.test.context.support.DirtiesContextBeforeModesTestExecutionListener@1f2ca9f7, org.springframework.test.context.event.ApplicationEventsTestExecutionListener@69a2be61, org.springframework.boot.test.mock.mockito.MockitoTestExecutionListener@236708ad, org.springframework.boot.test.autoconfigure.SpringBootDependencyInjectionTestExecutionListener@1b91c746, org.springframework.test.context.support.DirtiesContextTestExecutionListener@6188a6d2, org.springframework.test.context.event.EventPublishingTestExecutionListener@1d255d34, org.springframework.boot.test.autoconfigure.restdocs.RestDocsTestExecutionListener@61c1c5d, org.springframework.boot.test.autoconfigure.web.client.MockRestServiceServerResetTestExecutionListener@13a2402f, org.springframework.boot.test.autoconfigure.web.servlet.MockMvcPrintOnlyOnFailureTestExecutionListener@37b8cabf, org.springframework.boot.test.autoconfigure.web.servlet.WebDriverTestExecutionListener@43ed81, org.springframework.boot.test.autoconfigure.webservices.client.MockWebServiceServerTestExecutionListener@665bf720, org.springframework.boot.test.mock.mockito.ResetMocksTestExecutionListener@67f960fc]
]]></system-out>
  <system-err><![CDATA[]]></system-err>
</testsuite>
