<?xml version="1.0" encoding="UTF-8"?>
<testsuite name="com.kodilla.spring.basic.spring_dependency_injection.homework.CalculatorTestSuite" tests="4" skipped="0" failures="0" errors="0" timestamp="2021-12-20T20:10:25" hostname="DESKTOP-435D891" time="0.63">
  <properties/>
  <testcase name="ShouldDivideValue()" classname="com.kodilla.spring.basic.spring_dependency_injection.homework.CalculatorTestSuite" time="0.164"/>
  <testcase name="ShouldMultiplyValues()" classname="com.kodilla.spring.basic.spring_dependency_injection.homework.CalculatorTestSuite" time="0.169"/>
  <testcase name="ShouldAddValue()" classname="com.kodilla.spring.basic.spring_dependency_injection.homework.CalculatorTestSuite" time="0.154"/>
  <testcase name="ShouldSubtractValues()" classname="com.kodilla.spring.basic.spring_dependency_injection.homework.CalculatorTestSuite" time="0.139"/>
  <system-out><![CDATA[2021-12-20 21:10:25.491  INFO 4360 --- [    Test worker] .b.t.c.SpringBootTestContextBootstrapper : Neither @ContextConfiguration nor @ContextHierarchy found for test class [com.kodilla.spring.basic.spring_dependency_injection.homework.CalculatorTestSuite], using SpringBootContextLoader
2021-12-20 21:10:25.492  INFO 4360 --- [    Test worker] o.s.t.c.support.AbstractContextLoader    : Could not detect default resource locations for test class [com.kodilla.spring.basic.spring_dependency_injection.homework.CalculatorTestSuite]: no resource found for suffixes {-context.xml, Context.groovy}.
2021-12-20 21:10:25.493  INFO 4360 --- [    Test worker] t.c.s.AnnotationConfigContextLoaderUtils : Could not detect default configuration classes for test class [com.kodilla.spring.basic.spring_dependency_injection.homework.CalculatorTestSuite]: CalculatorTestSuite does not declare any static, non-private, non-final, nested classes annotated with @Configuration.
2021-12-20 21:10:25.515  INFO 4360 --- [    Test worker] .b.t.c.SpringBootTestContextBootstrapper : Found @SpringBootConfiguration com.kodilla.spring.basic.SpringBasicRunner for test class com.kodilla.spring.basic.spring_dependency_injection.homework.CalculatorTestSuite
2021-12-20 21:10:25.518  INFO 4360 --- [    Test worker] .b.t.c.SpringBootTestContextBootstrapper : Loaded default TestExecutionListener class names from location [META-INF/spring.factories]: [org.springframework.boot.test.autoconfigure.restdocs.RestDocsTestExecutionListener, org.springframework.boot.test.autoconfigure.web.client.MockRestServiceServerResetTestExecutionListener, org.springframework.boot.test.autoconfigure.web.servlet.MockMvcPrintOnlyOnFailureTestExecutionListener, org.springframework.boot.test.autoconfigure.web.servlet.WebDriverTestExecutionListener, org.springframework.boot.test.autoconfigure.webservices.client.MockWebServiceServerTestExecutionListener, org.springframework.boot.test.mock.mockito.MockitoTestExecutionListener, org.springframework.boot.test.mock.mockito.ResetMocksTestExecutionListener, org.springframework.test.context.web.ServletTestExecutionListener, org.springframework.test.context.support.DirtiesContextBeforeModesTestExecutionListener, org.springframework.test.context.event.ApplicationEventsTestExecutionListener, org.springframework.test.context.support.DependencyInjectionTestExecutionListener, org.springframework.test.context.support.DirtiesContextTestExecutionListener, org.springframework.test.context.transaction.TransactionalTestExecutionListener, org.springframework.test.context.jdbc.SqlScriptsTestExecutionListener, org.springframework.test.context.event.EventPublishingTestExecutionListener]
2021-12-20 21:10:25.520  INFO 4360 --- [    Test worker] .b.t.c.SpringBootTestContextBootstrapper : Using TestExecutionListeners: [org.springframework.test.context.support.DirtiesContextBeforeModesTestExecutionListener@29d96565, org.springframework.test.context.event.ApplicationEventsTestExecutionListener@56758f05, org.springframework.boot.test.mock.mockito.MockitoTestExecutionListener@182f695, org.springframework.boot.test.autoconfigure.SpringBootDependencyInjectionTestExecutionListener@38ddb64e, org.springframework.test.context.support.DirtiesContextTestExecutionListener@5acd1e7d, org.springframework.test.context.event.EventPublishingTestExecutionListener@203abf86, org.springframework.boot.test.autoconfigure.restdocs.RestDocsTestExecutionListener@361ac34a, org.springframework.boot.test.autoconfigure.web.client.MockRestServiceServerResetTestExecutionListener@63207c01, org.springframework.boot.test.autoconfigure.web.servlet.MockMvcPrintOnlyOnFailureTestExecutionListener@512ca8ee, org.springframework.boot.test.autoconfigure.web.servlet.WebDriverTestExecutionListener@249ffbc2, org.springframework.boot.test.autoconfigure.webservices.client.MockWebServiceServerTestExecutionListener@44ff7c88, org.springframework.boot.test.mock.mockito.ResetMocksTestExecutionListener@24dfd062]
The result of your action is 4.0
The result of your action is 6.0
The result of your action is 4.0
The result of your action is 2.0
]]></system-out>
  <system-err><![CDATA[]]></system-err>
</testsuite>
