<?xml version="1.0" encoding="UTF-8"?>
<testsuite name="wallet.TestRunner" tests="0" skipped="0" failures="0" errors="0" timestamp="1970-01-01T00:00:00" hostname="DESKTOP-435D891" time="0.0">
  <properties/>
  <system-out><![CDATA[
6 Scenarios (?[32m6 passed?[0m)
20 Steps (?[32m20 passed?[0m)
0m0,268s


]]></system-out>
  <system-err><![CDATA[sty 23, 2022 5:21:46 PM io.cucumber.junit.Cucumber <init>
WARNING: By default Cucumber is running in --non-strict mode.
This default will change to --strict and --non-strict will be removed.
You can use --strict or @CucumberOptions(strict = true) to suppress this warning
]]></system-err>
</testsuite>
